{
  "ok": true,
  "checks": [
    {
      "scenario": "invalid queue params normalize to show fallback",
      "url": "http://127.0.0.1:4513/queue/dracula?date=bad-date&time=bad-time",
      "rawBadDateCount": 0,
      "rawBadTimeCount": 0,
      "fallbackDateVisible": true,
      "fallbackTimeVisible": true,
      "waitingRoomVisible": true,
      "screenshot": ".omo/evidence/issue-53-queue-param-guard/invalid-dracula-queue.png"
    },
    {
      "scenario": "valid queue params still show waiting room",
      "url": "http://127.0.0.1:4513/queue/dracula?date=2026.07.10&time=19%3A30",
      "dateVisible": true,
      "timeVisible": true,
      "waitingRoomVisible": true,
      "queueAheadText": "12,667",
      "screenshot": ".omo/evidence/issue-53-queue-param-guard/valid-dracula-queue.png"
    }
  ]
}
