{
  "baseUrl": "http://127.0.0.1:59067",
  "results": [
    {
      "viewport": "mobile-390",
      "buttonAriaPressed": "true",
      "rowTextChanged": true,
      "statusAriaLive": "polite",
      "statusCount": 1,
      "statusText": "알림 완료",
      "statusVisible": true
    },
    {
      "viewport": "tablet-768",
      "buttonAriaPressed": "true",
      "rowTextChanged": true,
      "statusAriaLive": "polite",
      "statusCount": 1,
      "statusText": "알림 완료",
      "statusVisible": true
    },
    {
      "viewport": "desktop-1280",
      "buttonAriaPressed": "true",
      "rowTextChanged": true,
      "statusAriaLive": "polite",
      "statusCount": 1,
      "statusText": "알림 완료",
      "statusVisible": true
    }
  ]
}
