✖ open row alert button exposes visible accessible feedback (1448.444709ms)
ℹ tests 1
ℹ suites 0
ℹ pass 0
ℹ fail 1
ℹ cancelled 0
ℹ skipped 0
ℹ todo 0
ℹ duration_ms 2186.483375

✖ failing tests:

test at tests/open-alert-feedback.test.mjs:6:1
✖ open row alert button exposes visible accessible feedback (1448.444709ms)
  Error: server did not start on 56715/56716: stdout= stderr=
  -----
  [1m[31mFATAL[39m[0m: An unexpected Turbopack error occurred. A panic log has been written to /var/folders/hd/ps8vmn7j171c0gml10g_myb80000gn/T/next-panic-b04c4eea5a5ba48ccf8a1cf4adedba78.log.
  
  To help make Turbopack better, report this error by clicking here: https://bugs.nextjs.org/search?category=turbopack-error-report&title=Turbopack%20Error%3A%20Symlink%20%5Bproject%5D%2Fnode_modules%20is%20invalid%2C%20it%20points%20out%20of%20the%20filesystem%20root&body=Turbopack%20version%3A%20%60600cd2fed%60%0ANext.js%20version%3A%20%600.0.0%60%0A%0AError%20message%3A%0A%60%60%60%0ASymlink%20%5Bproject%5D%2Fnode_modules%20is%20invalid%2C%20it%20points%20out%20of%20the%20filesystem%20root%0A%0ADebug%20info%3A%0A-%20Execution%20of%20get_entrypoints_with_issues_operation%20failed%0A-%20Execution%20of%20EntrypointsOperation%3A%3Anew%20failed%0A-%20Execution%20of%20Project%3A%3Aentrypoints_with_app_route_filter%20failed%0A-%20Execution%20of%20AppProject%3A%3Aroutes_with_filter%20failed%0A-%20Execution%20of%20directory_tree_to_entrypoints_internal%20failed%0A-%20Execution%20of%20directory_tree_to_loader_tree%20failed%0A-%20Execution%20of%20try_get_next_package%20failed%0A-%20Execution%20of%20%2AResolveResult%3A%3Afirst_source%20failed%0A-%20Execution%20of%20resolve%20failed%0A-%20Execution%20of%20resolve_internal%20failed%0A-%20Execution%20of%20find_package%20failed%0A-%20Symlink%20%5Bproject%5D%2Fnode_modules%20is%20invalid%2C%20it%20points%20out%20of%20the%20filesystem%20root%0A%60%60%60&labels=Turbopack,Turbopack%20Panic%20Backtrace
  -----
  
  Error [TurbopackInternalError]: Symlink [project]/node_modules is invalid, it points out of the filesystem root
  
  Debug info:
  - Execution of get_entrypoints_with_issues_operation failed
  - Execution of EntrypointsOperation::new failed
  - Execution of Project::entrypoints_with_app_route_filter failed
  - Execution of AppProject::routes_with_filter failed
  - Execution of directory_tree_to_entrypoints_internal failed
  - Execution of directory_tree_to_loader_tree failed
  - Execution of try_get_next_package failed
  - Execution of *ResolveResult::first_source failed
  - Execution of resolve failed
  - Execution of resolve_internal failed
  - Execution of find_package failed
  - Symlink [project]/node_modules is invalid, it points out of the filesystem root
      at ignore-listed frames {
    location: undefined
  }
  
      at startServer (file:///private/tmp/ticketground-issue-worktrees/issue-61-open-alert-buttons/tests/backend-test-utils.mjs:83:9)
      at async TestContext.<anonymous> (file:///private/tmp/ticketground-issue-worktrees/issue-61-open-alert-buttons/tests/open-alert-feedback.test.mjs:7:23)
      at async Test.run (node:internal/test_runner/test:1332:7)
      at async startSubtestAfterBootstrap (node:internal/test_runner/harness:385:3)
