✖ open row alert button exposes visible accessible feedback (4144.9015ms)
ℹ tests 1
ℹ suites 0
ℹ pass 0
ℹ fail 1
ℹ cancelled 0
ℹ skipped 0
ℹ todo 0
ℹ duration_ms 5381.565583

✖ failing tests:

test at tests/open-alert-feedback.test.mjs:6:1
✖ open row alert button exposes visible accessible feedback (4144.9015ms)
  AssertionError [ERR_ASSERTION]: clicked open alert row should render one live status region
  
  0 !== 1
  
      at TestContext.<anonymous> (file:///private/tmp/ticketground-issue-worktrees/issue-61-open-alert-buttons/tests/open-alert-feedback.test.mjs:20:10)
      at async Test.run (node:internal/test_runner/test:1332:7)
      at async startSubtestAfterBootstrap (node:internal/test_runner/harness:385:3) {
    generatedMessage: false,
    code: 'ERR_ASSERTION',
    actual: 0,
    expected: 1,
    operator: 'strictEqual',
    diff: 'simple'
  }
